13:25:48 **** Incremental Build of configuration Debug for project EXternal_Interrupt_INT0 ****
make all 
Building file: ../main.c
Invoking: AVR Compiler
avr-gcc -Wall -g2 -gstabs -O0 -fpack-struct -fshort-enums -ffunction-sections -fdata-sections -std=gnu99 -funsigned-char -funsigned-bitfields -mmcu=atmega16 -DF_CPU=1000000UL -MMD -MP -MF"main.d" -MT"main.o" -c -o "main.o" "../main.c"
In file included from ../main.c:14:0:
../EXTINT_Interface.h:18:2: warning: ‘__INTR_ATTRS’ attribute directive ignored [-Wattributes]
  void __vector_1(void)__attribute__((signal,__INTR_ATTRS));
  ^
../main.c:33:6: warning: return type of ‘main’ is not ‘int’ [-Wmain]
 void main (void)
      ^
Finished building: ../main.c
 
Building target: EXternal_Interrupt_INT0.elf
Invoking: AVR C Linker
avr-gcc -Wl,-Map,EXternal_Interrupt_INT0.map -mmcu=atmega16 -o "EXternal_Interrupt_INT0.elf"  ./DIO_Prog.o ./EXTINT_prog.o ./TIMER0_prog.o ./delay_ms.o ./main.o   
Finished building target: EXternal_Interrupt_INT0.elf
 
Invoking: AVR Create Extended Listing
avr-objdump -h -S EXternal_Interrupt_INT0.elf  >"EXternal_Interrupt_INT0.lss"
Finished building: EXternal_Interrupt_INT0.lss
 
Create Flash image (ihex format)
avr-objcopy -R .eeprom -R .fuse -R .lock -R .signature -O ihex EXternal_Interrupt_INT0.elf  "EXternal_Interrupt_INT0.hex"
Finished building: EXternal_Interrupt_INT0.hex
 
Invoking: Print Size
avr-size --format=avr --mcu=atmega16 EXternal_Interrupt_INT0.elf
AVR Memory Usage
----------------
Device: atmega16

Program:    2362 bytes (14.4% Full)
(.text + .data + .bootloader)

Data:          2 bytes (0.2% Full)
(.data + .bss + .noinit)


Finished building: sizedummy
 

13:25:48 Build Finished (took 132ms)

