19:15:16 **** Incremental Build of configuration Debug for project ADC ****
make all 
Building file: ../main.c
Invoking: AVR Compiler
avr-gcc -Wall -g2 -gstabs -O0 -fpack-struct -fshort-enums -ffunction-sections -fdata-sections -std=gnu99 -funsigned-char -funsigned-bitfields -mmcu=atmega32 -DF_CPU=1000000UL -MMD -MP -MF"main.d" -MT"main.o" -c -o "main.o" "../main.c"
../main.c:37:6: warning: return type of ‘main’ is not ‘int’ [-Wmain]
 void main (void)
      ^
../main.c: In function ‘LDR_u8Value’:
../main.c:33:1: warning: control reaches end of non-void function [-Wreturn-type]
 }
 ^
Finished building: ../main.c
 
Building target: ADC.elf
Invoking: AVR C Linker
avr-gcc -Wl,-Map,ADC.map -mmcu=atmega32 -o "ADC.elf"  ./ADC_prog.o ./DIO_Prog.o ./delay_ms.o ./main.o   
Finished building target: ADC.elf
 
Invoking: AVR Create Extended Listing
avr-objdump -h -S ADC.elf  >"ADC.lss"
Finished building: ADC.lss
 
Create Flash image (ihex format)
avr-objcopy -R .eeprom -R .fuse -R .lock -R .signature -O ihex ADC.elf  "ADC.hex"
Finished building: ADC.hex
 
Invoking: Print Size
avr-size --format=avr --mcu=atmega32 ADC.elf
AVR Memory Usage
----------------
Device: atmega32

Program:    2518 bytes (7.7% Full)
(.text + .data + .bootloader)

Data:          0 bytes (0.0% Full)
(.data + .bss + .noinit)


Finished building: sizedummy
 
11:26:57 **** Incremental Build of configuration Debug for project ADC ****
make all 
Building file: ../ADC_prog.c
Invoking: AVR Compiler
avr-gcc -Wall -g2 -gstabs -O0 -fpack-struct -fshort-enums -ffunction-sections -fdata-sections -std=gnu99 -funsigned-char -funsigned-bitfields -mmcu=atmega32 -DF_CPU=1000000UL -MMD -MP -MF"ADC_prog.d" -MT"ADC_prog.o" -c -o "ADC_prog.o" "../ADC_prog.c"
Finished building: ../ADC_prog.c
 
Building file: ../DIO_Prog.c
Invoking: AVR Compiler
avr-gcc -Wall -g2 -gstabs -O0 -fpack-struct -fshort-enums -ffunction-sections -fdata-sections -std=gnu99 -funsigned-char -funsigned-bitfields -mmcu=atmega32 -DF_CPU=1000000UL -MMD -MP -MF"DIO_Prog.d" -MT"DIO_Prog.o" -c -o "DIO_Prog.o" "../DIO_Prog.c"
Finished building: ../DIO_Prog.c
 
Building file: ../main.c
Invoking: AVR Compiler
avr-gcc -Wall -g2 -gstabs -O0 -fpack-struct -fshort-enums -ffunction-sections -fdata-sections -std=gnu99 -funsigned-char -funsigned-bitfields -mmcu=atmega32 -DF_CPU=1000000UL -MMD -MP -MF"main.d" -MT"main.o" -c -o "main.o" "../main.c"
../main.c:37:6: warning: return type of ‘main’ is not ‘int’ [-Wmain]
Finished building: ../main.c
 void main (void)
      ^
 
Building target: ADC.elf
Invoking: AVR C Linker
../main.c: In function ‘LDR_u8Value’:
avr-gcc -Wl,-Map,ADC.map -mmcu=atmega32 -o "ADC.elf"  ./ADC_prog.o ./DIO_Prog.o ./delay_ms.o ./main.o   
../main.c:33:1: warning: control reaches end of non-void function [-Wreturn-type]
 }
 ^
Finished building target: ADC.elf
 
Invoking: AVR Create Extended Listing
avr-objdump -h -S ADC.elf  >"ADC.lss"
Finished building: ADC.lss
 
Create Flash image (ihex format)
avr-objcopy -R .eeprom -R .fuse -R .lock -R .signature -O ihex ADC.elf  "ADC.hex"
Finished building: ADC.hex
 
Invoking: Print Size
avr-size --format=avr --mcu=atmega32 ADC.elf
AVR Memory Usage
----------------
Device: atmega32

Program:    2500 bytes (7.6% Full)
(.text + .data + .bootloader)

Data:          0 bytes (0.0% Full)
(.data + .bss + .noinit)


Finished building: sizedummy
 
11:28:32 **** Incremental Build of configuration Debug for project ADC ****
make all 
Building file: ../ADC_prog.c
Invoking: AVR Compiler
avr-gcc -Wall -g2 -gstabs -O0 -fpack-struct -fshort-enums -ffunction-sections -fdata-sections -std=gnu99 -funsigned-char -funsigned-bitfields -mmcu=atmega32 -DF_CPU=1000000UL -MMD -MP -MF"ADC_prog.d" -MT"ADC_prog.o" -c -o "ADC_prog.o" "../ADC_prog.c"
Finished building: ../ADC_prog.c
 
Building target: ADC.elf
Invoking: AVR C Linker
avr-gcc -Wl,-Map,ADC.map -mmcu=atmega32 -o "ADC.elf"  ./ADC_prog.o ./DIO_Prog.o ./delay_ms.o ./main.o   
Finished building target: ADC.elf
 
Invoking: AVR Create Extended Listing
avr-objdump -h -S ADC.elf  >"ADC.lss"
Finished building: ADC.lss
 
Create Flash image (ihex format)
avr-objcopy -R .eeprom -R .fuse -R .lock -R .signature -O ihex ADC.elf  "ADC.hex"
Finished building: ADC.hex
 
Invoking: Print Size
avr-size --format=avr --mcu=atmega32 ADC.elf
AVR Memory Usage
----------------
Device: atmega32

Program:    2500 bytes (7.6% Full)
(.text + .data + .bootloader)

Data:          0 bytes (0.0% Full)
(.data + .bss + .noinit)


Finished building: sizedummy
 
11:29:29 **** Incremental Build of configuration Debug for project ADC ****
make all 
Building file: ../ADC_prog.c
Invoking: AVR Compiler
avr-gcc -Wall -g2 -gstabs -O0 -fpack-struct -fshort-enums -ffunction-sections -fdata-sections -std=gnu99 -funsigned-char -funsigned-bitfields -mmcu=atmega32 -DF_CPU=1000000UL -MMD -MP -MF"ADC_prog.d" -MT"ADC_prog.o" -c -o "ADC_prog.o" "../ADC_prog.c"
Finished building: ../ADC_prog.c
 
Building target: ADC.elf
Invoking: AVR C Linker
avr-gcc -Wl,-Map,ADC.map -mmcu=atmega32 -o "ADC.elf"  ./ADC_prog.o ./DIO_Prog.o ./delay_ms.o ./main.o   
Finished building target: ADC.elf
 
Invoking: AVR Create Extended Listing
avr-objdump -h -S ADC.elf  >"ADC.lss"
Finished building: ADC.lss
 
Create Flash image (ihex format)
avr-objcopy -R .eeprom -R .fuse -R .lock -R .signature -O ihex ADC.elf  "ADC.hex"
Finished building: ADC.hex
 
Invoking: Print Size
avr-size --format=avr --mcu=atmega32 ADC.elf
AVR Memory Usage
----------------
Device: atmega32

Program:    2500 bytes (7.6% Full)
(.text + .data + .bootloader)

Data:          0 bytes (0.0% Full)
(.data + .bss + .noinit)


Finished building: sizedummy
 
11:45:08 **** Incremental Build of configuration Debug for project ADC ****
make all 
Building file: ../ADC_prog.c
Invoking: AVR Compiler
avr-gcc -Wall -g2 -gstabs -O0 -fpack-struct -fshort-enums -ffunction-sections -fdata-sections -std=gnu99 -funsigned-char -funsigned-bitfields -mmcu=atmega32 -DF_CPU=1000000UL -MMD -MP -MF"ADC_prog.d" -MT"ADC_prog.o" -c -o "ADC_prog.o" "../ADC_prog.c"
Finished building: ../ADC_prog.c
 
Building target: ADC.elf
Invoking: AVR C Linker
avr-gcc -Wl,-Map,ADC.map -mmcu=atmega32 -o "ADC.elf"  ./ADC_prog.o ./DIO_Prog.o ./delay_ms.o ./main.o   
Finished building target: ADC.elf
 
Invoking: AVR Create Extended Listing
avr-objdump -h -S ADC.elf  >"ADC.lss"
Finished building: ADC.lss
 
Create Flash image (ihex format)
avr-objcopy -R .eeprom -R .fuse -R .lock -R .signature -O ihex ADC.elf  "ADC.hex"
Finished building: ADC.hex
 
Invoking: Print Size
avr-size --format=avr --mcu=atmega32 ADC.elf
AVR Memory Usage
----------------
Device: atmega32

Program:    2718 bytes (8.3% Full)
(.text + .data + .bootloader)

Data:          0 bytes (0.0% Full)
(.data + .bss + .noinit)


Finished building: sizedummy
 
11:45:45 **** Incremental Build of configuration Debug for project ADC ****
make all 
Building file: ../ADC_prog.c
Invoking: AVR Compiler
avr-gcc -Wall -g2 -gstabs -O0 -fpack-struct -fshort-enums -ffunction-sections -fdata-sections -std=gnu99 -funsigned-char -funsigned-bitfields -mmcu=atmega32 -DF_CPU=1000000UL -MMD -MP -MF"ADC_prog.d" -MT"ADC_prog.o" -c -o "ADC_prog.o" "../ADC_prog.c"
Finished building: ../ADC_prog.c
 
Building target: ADC.elf
Invoking: AVR C Linker
avr-gcc -Wl,-Map,ADC.map -mmcu=atmega32 -o "ADC.elf"  ./ADC_prog.o ./DIO_Prog.o ./delay_ms.o ./main.o   
Finished building target: ADC.elf
 
Invoking: AVR Create Extended Listing
avr-objdump -h -S ADC.elf  >"ADC.lss"
Finished building: ADC.lss
 
Create Flash image (ihex format)
avr-objcopy -R .eeprom -R .fuse -R .lock -R .signature -O ihex ADC.elf  "ADC.hex"
Finished building: ADC.hex
 
Invoking: Print Size
avr-size --format=avr --mcu=atmega32 ADC.elf
AVR Memory Usage
----------------
Device: atmega32

Program:    2718 bytes (8.3% Full)
(.text + .data + .bootloader)

Data:          0 bytes (0.0% Full)
(.data + .bss + .noinit)


Finished building: sizedummy
 
11:45:49 **** Incremental Build of configuration Debug for project ADC ****
make all 
Invoking: Print Size
avr-size --format=avr --mcu=atmega32 ADC.elf
AVR Memory Usage
----------------
Device: atmega32

Program:    2718 bytes (8.3% Full)
(.text + .data + .bootloader)

Data:          0 bytes (0.0% Full)
(.data + .bss + .noinit)


Finished building: sizedummy
 
12:10:11 **** Incremental Build of configuration Debug for project ADC ****
make all 
Building file: ../ADC_prog.c
Invoking: AVR Compiler
avr-gcc -Wall -g2 -gstabs -O0 -fpack-struct -fshort-enums -ffunction-sections -fdata-sections -std=gnu99 -funsigned-char -funsigned-bitfields -mmcu=atmega32 -DF_CPU=1000000UL -MMD -MP -MF"ADC_prog.d" -MT"ADC_prog.o" -c -o "ADC_prog.o" "../ADC_prog.c"
Finished building: ../ADC_prog.c
 
Building target: ADC.elf
Invoking: AVR C Linker
avr-gcc -Wl,-Map,ADC.map -mmcu=atmega32 -o "ADC.elf"  ./ADC_prog.o ./DIO_Prog.o ./delay_ms.o ./main.o   
Finished building target: ADC.elf
 
Invoking: AVR Create Extended Listing
avr-objdump -h -S ADC.elf  >"ADC.lss"
Finished building: ADC.lss
 
Create Flash image (ihex format)
avr-objcopy -R .eeprom -R .fuse -R .lock -R .signature -O ihex ADC.elf  "ADC.hex"
Finished building: ADC.hex
 
Invoking: Print Size
avr-size --format=avr --mcu=atmega32 ADC.elf
AVR Memory Usage
----------------
Device: atmega32

Program:    2500 bytes (7.6% Full)
(.text + .data + .bootloader)

Data:          0 bytes (0.0% Full)
(.data + .bss + .noinit)


Finished building: sizedummy
 
13:47:54 **** Incremental Build of configuration Debug for project ADC ****
make all 
Invoking: Print Size
avr-size --format=avr --mcu=atmega32 ADC.elf
AVR Memory Usage
----------------
Device: atmega32

Program:    2500 bytes (7.6% Full)
(.text + .data + .bootloader)

Data:          0 bytes (0.0% Full)
(.data + .bss + .noinit)


Finished building: sizedummy
 
14:20:23 **** Incremental Build of configuration Debug for project ADC ****
make all 
Building file: ../ADC_prog.c
Invoking: AVR Compiler
avr-gcc -Wall -g2 -gstabs -O0 -fpack-struct -fshort-enums -ffunction-sections -fdata-sections -std=gnu99 -funsigned-char -funsigned-bitfields -mmcu=atmega32 -DF_CPU=1000000UL -MMD -MP -MF"ADC_prog.d" -MT"ADC_prog.o" -c -o "ADC_prog.o" "../ADC_prog.c"
Finished building: ../ADC_prog.c
 
Building target: ADC.elf
Invoking: AVR C Linker
avr-gcc -Wl,-Map,ADC.map -mmcu=atmega32 -o "ADC.elf"  ./ADC_prog.o ./DIO_Prog.o ./delay_ms.o ./main.o   
Finished building target: ADC.elf
 
Invoking: AVR Create Extended Listing
avr-objdump -h -S ADC.elf  >"ADC.lss"
Finished building: ADC.lss
 
Create Flash image (ihex format)
avr-objcopy -R .eeprom -R .fuse -R .lock -R .signature -O ihex ADC.elf  "ADC.hex"
Finished building: ADC.hex
 
Invoking: Print Size
avr-size --format=avr --mcu=atmega32 ADC.elf
AVR Memory Usage
----------------
Device: atmega32

Program:    2516 bytes (7.7% Full)
(.text + .data + .bootloader)

Data:          0 bytes (0.0% Full)
(.data + .bss + .noinit)


Finished building: sizedummy
 
14:22:05 **** Incremental Build of configuration Debug for project ADC ****
make all 
Building file: ../ADC_prog.c
Invoking: AVR Compiler
avr-gcc -Wall -g2 -gstabs -O0 -fpack-struct -fshort-enums -ffunction-sections -fdata-sections -std=gnu99 -funsigned-char -funsigned-bitfields -mmcu=atmega32 -DF_CPU=1000000UL -MMD -MP -MF"ADC_prog.d" -MT"ADC_prog.o" -c -o "ADC_prog.o" "../ADC_prog.c"
Finished building: ../ADC_prog.c
 
Building target: ADC.elf
Invoking: AVR C Linker
avr-gcc -Wl,-Map,ADC.map -mmcu=atmega32 -o "ADC.elf"  ./ADC_prog.o ./DIO_Prog.o ./delay_ms.o ./main.o   
Finished building target: ADC.elf
 
Invoking: AVR Create Extended Listing
avr-objdump -h -S ADC.elf  >"ADC.lss"
Finished building: ADC.lss
 
Create Flash image (ihex format)
avr-objcopy -R .eeprom -R .fuse -R .lock -R .signature -O ihex ADC.elf  "ADC.hex"
Finished building: ADC.hex
 
Invoking: Print Size
avr-size --format=avr --mcu=atmega32 ADC.elf
AVR Memory Usage
----------------
Device: atmega32

Program:    2516 bytes (7.7% Full)
(.text + .data + .bootloader)

Data:          0 bytes (0.0% Full)
(.data + .bss + .noinit)


Finished building: sizedummy
 
14:22:07 **** Incremental Build of configuration Debug for project ADC ****
make all 
Invoking: Print Size
avr-size --format=avr --mcu=atmega32 ADC.elf
AVR Memory Usage
----------------
Device: atmega32

Program:    2516 bytes (7.7% Full)
(.text + .data + .bootloader)

Data:          0 bytes (0.0% Full)
(.data + .bss + .noinit)


Finished building: sizedummy
 
15:34:02 **** Incremental Build of configuration Debug for project ADC ****
make all 
Building file: ../ADC_prog.c
Invoking: AVR Compiler
avr-gcc -Wall -g2 -gstabs -O0 -fpack-struct -fshort-enums -ffunction-sections -fdata-sections -std=gnu99 -funsigned-char -funsigned-bitfields -mmcu=atmega32 -DF_CPU=1000000UL -MMD -MP -MF"ADC_prog.d" -MT"ADC_prog.o" -c -o "ADC_prog.o" "../ADC_prog.c"
Finished building: ../ADC_prog.c
 
Building file: ../main.c
Invoking: AVR Compiler
avr-gcc -Wall -g2 -gstabs -O0 -fpack-struct -fshort-enums -ffunction-sections -fdata-sections -std=gnu99 -funsigned-char -funsigned-bitfields -mmcu=atmega32 -DF_CPU=1000000UL -MMD -MP -MF"main.d" -MT"main.o" -c -o "main.o" "../main.c"
../main.c:37:6: warning: return type of ‘main’ is not ‘int’ [-Wmain]
Finished building: ../main.c
 void main (void)
      ^
../main.c: In function ‘LDR_u8Value’:
../main.c:33:1: warning: control reaches end of non-void function [-Wreturn-type]
 }
 
 ^
Building target: ADC.elf
Invoking: AVR C Linker
avr-gcc -Wl,-Map,ADC.map -mmcu=atmega32 -o "ADC.elf"  ./ADC_prog.o ./DIO_Prog.o ./delay_ms.o ./main.o   
Finished building target: ADC.elf
 
Invoking: AVR Create Extended Listing
avr-objdump -h -S ADC.elf  >"ADC.lss"
Finished building: ADC.lss
 
Create Flash image (ihex format)
avr-objcopy -R .eeprom -R .fuse -R .lock -R .signature -O ihex ADC.elf  "ADC.hex"
Finished building: ADC.hex
 
Invoking: Print Size
avr-size --format=avr --mcu=atmega32 ADC.elf
AVR Memory Usage
----------------
Device: atmega32

Program:    2516 bytes (7.7% Full)
(.text + .data + .bootloader)

Data:          0 bytes (0.0% Full)
(.data + .bss + .noinit)


Finished building: sizedummy
 
15:35:33 **** Incremental Build of configuration Debug for project ADC ****
make all 
Building file: ../ADC_prog.c
Invoking: AVR Compiler
avr-gcc -Wall -g2 -gstabs -O0 -fpack-struct -fshort-enums -ffunction-sections -fdata-sections -std=gnu99 -funsigned-char -funsigned-bitfields -mmcu=atmega32 -DF_CPU=1000000UL -MMD -MP -MF"ADC_prog.d" -MT"ADC_prog.o" -c -o "ADC_prog.o" "../ADC_prog.c"
Finished building: ../ADC_prog.c
 
Building file: ../main.c
Invoking: AVR Compiler
avr-gcc -Wall -g2 -gstabs -O0 -fpack-struct -fshort-enums -ffunction-sections -fdata-sections -std=gnu99 -funsigned-char -funsigned-bitfields -mmcu=atmega32 -DF_CPU=1000000UL -MMD -MP -MF"main.d" -MT"main.o" -c -o "main.o" "../main.c"
../main.c:37:6: warning: return type of ‘main’ is not ‘int’ [-Wmain]
 void main (void)
      ^
../main.c: In function ‘LDR_u8Value’:
../main.c:33:1: warning: control reaches end of non-void function [-Wreturn-type]
 }
 ^
Finished building: ../main.c
 
Building target: ADC.elf
Invoking: AVR C Linker
avr-gcc -Wl,-Map,ADC.map -mmcu=atmega32 -o "ADC.elf"  ./ADC_prog.o ./DIO_Prog.o ./delay_ms.o ./main.o   
Finished building target: ADC.elf
 
Invoking: AVR Create Extended Listing
avr-objdump -h -S ADC.elf  >"ADC.lss"
Finished building: ADC.lss
 
Create Flash image (ihex format)
avr-objcopy -R .eeprom -R .fuse -R .lock -R .signature -O ihex ADC.elf  "ADC.hex"
Finished building: ADC.hex
 
Invoking: Print Size
avr-size --format=avr --mcu=atmega32 ADC.elf
AVR Memory Usage
----------------
Device: atmega32

Program:    2500 bytes (7.6% Full)
(.text + .data + .bootloader)

Data:          0 bytes (0.0% Full)
(.data + .bss + .noinit)


Finished building: sizedummy
 
15:35:36 **** Incremental Build of configuration Debug for project ADC ****
make all 
Invoking: Print Size
avr-size --format=avr --mcu=atmega32 ADC.elf
AVR Memory Usage
----------------
Device: atmega32

Program:    2500 bytes (7.6% Full)
(.text + .data + .bootloader)

Data:          0 bytes (0.0% Full)
(.data + .bss + .noinit)


Finished building: sizedummy
 
15:42:48 **** Incremental Build of configuration Debug for project ADC ****
make all 
Building file: ../ADC_prog.c
Invoking: AVR Compiler
avr-gcc -Wall -g2 -gstabs -O0 -fpack-struct -fshort-enums -ffunction-sections -fdata-sections -std=gnu99 -funsigned-char -funsigned-bitfields -mmcu=atmega32 -DF_CPU=1000000UL -MMD -MP -MF"ADC_prog.d" -MT"ADC_prog.o" -c -o "ADC_prog.o" "../ADC_prog.c"
Finished building: ../ADC_prog.c
 
Building file: ../main.c
Invoking: AVR Compiler
avr-gcc -Wall -g2 -gstabs -O0 -fpack-struct -fshort-enums -ffunction-sections -fdata-sections -std=gnu99 -funsigned-char -funsigned-bitfields -mmcu=atmega32 -DF_CPU=1000000UL -MMD -MP -MF"main.d" -MT"main.o" -c -o "main.o" "../main.c"
../main.c:37:6: warning: return type of ‘main’ is not ‘int’ [-Wmain]
 void main (void)
      ^
../main.c: In function ‘LDR_u8Value’:
../main.c:33:1: warning: control reaches end of non-void function [-Wreturn-type]
 }
 ^
Finished building: ../main.c
 
Building target: ADC.elf
Invoking: AVR C Linker
avr-gcc -Wl,-Map,ADC.map -mmcu=atmega32 -o "ADC.elf"  ./ADC_prog.o ./DIO_Prog.o ./delay_ms.o ./main.o   
Finished building target: ADC.elf
 
Invoking: AVR Create Extended Listing
avr-objdump -h -S ADC.elf  >"ADC.lss"
Finished building: ADC.lss
 
Create Flash image (ihex format)
avr-objcopy -R .eeprom -R .fuse -R .lock -R .signature -O ihex ADC.elf  "ADC.hex"
Finished building: ADC.hex
 
Invoking: Print Size
avr-size --format=avr --mcu=atmega32 ADC.elf
AVR Memory Usage
----------------
Device: atmega32

Program:    2502 bytes (7.6% Full)
(.text + .data + .bootloader)

Data:          0 bytes (0.0% Full)
(.data + .bss + .noinit)


Finished building: sizedummy
 
15:59:15 **** Incremental Build of configuration Debug for project ADC ****
make all 
Building file: ../ADC_prog.c
Invoking: AVR Compiler
avr-gcc -Wall -g2 -gstabs -O0 -fpack-struct -fshort-enums -ffunction-sections -fdata-sections -std=gnu99 -funsigned-char -funsigned-bitfields -mmcu=atmega32 -DF_CPU=1000000UL -MMD -MP -MF"ADC_prog.d" -MT"ADC_prog.o" -c -o "ADC_prog.o" "../ADC_prog.c"
Finished building: ../ADC_prog.c
 
Building file: ../main.c
Invoking: AVR Compiler
avr-gcc -Wall -g2 -gstabs -O0 -fpack-struct -fshort-enums -ffunction-sections -fdata-sections -std=gnu99 -funsigned-char -funsigned-bitfields -mmcu=atmega32 -DF_CPU=1000000UL -MMD -MP -MF"main.d" -MT"main.o" -c -o "main.o" "../main.c"
../main.c:37:6: warning: return type of ‘main’ is not ‘int’ [-Wmain]
 void main (void)
      ^
../main.c: In function ‘LDR_u8Value’:
../main.c:33:1: warning: control reaches end of non-void function [-Wreturn-type]
 }
 ^
Finished building: ../main.c
 
Building target: ADC.elf
Invoking: AVR C Linker
avr-gcc -Wl,-Map,ADC.map -mmcu=atmega32 -o "ADC.elf"  ./ADC_prog.o ./DIO_Prog.o ./delay_ms.o ./main.o   
Finished building target: ADC.elf
 
Invoking: AVR Create Extended Listing
avr-objdump -h -S ADC.elf  >"ADC.lss"
Finished building: ADC.lss
 
Create Flash image (ihex format)
avr-objcopy -R .eeprom -R .fuse -R .lock -R .signature -O ihex ADC.elf  "ADC.hex"
Finished building: ADC.hex
 
Invoking: Print Size
avr-size --format=avr --mcu=atmega32 ADC.elf
AVR Memory Usage
----------------
Device: atmega32

Program:    2560 bytes (7.8% Full)
(.text + .data + .bootloader)

Data:          0 bytes (0.0% Full)
(.data + .bss + .noinit)


Finished building: sizedummy
 
16:12:50 **** Incremental Build of configuration Debug for project ADC ****
make all 
Building file: ../ADC_prog.c
Invoking: AVR Compiler
avr-gcc -Wall -g2 -gstabs -O0 -fpack-struct -fshort-enums -ffunction-sections -fdata-sections -std=gnu99 -funsigned-char -funsigned-bitfields -mmcu=atmega32 -DF_CPU=1000000UL -MMD -MP -MF"ADC_prog.d" -MT"ADC_prog.o" -c -o "ADC_prog.o" "../ADC_prog.c"
Finished building: ../ADC_prog.c
 
Building target: ADC.elf
Invoking: AVR C Linker
avr-gcc -Wl,-Map,ADC.map -mmcu=atmega32 -o "ADC.elf"  ./ADC_prog.o ./DIO_Prog.o ./delay_ms.o ./main.o   
Finished building target: ADC.elf
 
Invoking: AVR Create Extended Listing
avr-objdump -h -S ADC.elf  >"ADC.lss"
Finished building: ADC.lss
 
Create Flash image (ihex format)
avr-objcopy -R .eeprom -R .fuse -R .lock -R .signature -O ihex ADC.elf  "ADC.hex"
Finished building: ADC.hex
 
Invoking: Print Size
avr-size --format=avr --mcu=atmega32 ADC.elf
AVR Memory Usage
----------------
Device: atmega32

Program:    2592 bytes (7.9% Full)
(.text + .data + .bootloader)

Data:          0 bytes (0.0% Full)
(.data + .bss + .noinit)


Finished building: sizedummy
 
16:18:39 **** Incremental Build of configuration Debug for project ADC ****
make all 
Building file: ../ADC_prog.c
Invoking: AVR Compiler
avr-gcc -Wall -g2 -gstabs -O0 -fpack-struct -fshort-enums -ffunction-sections -fdata-sections -std=gnu99 -funsigned-char -funsigned-bitfields -mmcu=atmega32 -DF_CPU=1000000UL -MMD -MP -MF"ADC_prog.d" -MT"ADC_prog.o" -c -o "ADC_prog.o" "../ADC_prog.c"
Finished building: ../ADC_prog.c
 
Building target: ADC.elf
Invoking: AVR C Linker
avr-gcc -Wl,-Map,ADC.map -mmcu=atmega32 -o "ADC.elf"  ./ADC_prog.o ./DIO_Prog.o ./delay_ms.o ./main.o   
Finished building target: ADC.elf
 
Invoking: AVR Create Extended Listing
avr-objdump -h -S ADC.elf  >"ADC.lss"
Finished building: ADC.lss
 
Create Flash image (ihex format)
avr-objcopy -R .eeprom -R .fuse -R .lock -R .signature -O ihex ADC.elf  "ADC.hex"
Finished building: ADC.hex
 
Invoking: Print Size
avr-size --format=avr --mcu=atmega32 ADC.elf
AVR Memory Usage
----------------
Device: atmega32

Program:    2592 bytes (7.9% Full)
(.text + .data + .bootloader)

Data:          0 bytes (0.0% Full)
(.data + .bss + .noinit)


Finished building: sizedummy
 
17:20:50 **** Incremental Build of configuration Debug for project ADC ****
make all 
Building file: ../ADC_prog.c
Invoking: AVR Compiler
avr-gcc -Wall -g2 -gstabs -O0 -fpack-struct -fshort-enums -ffunction-sections -fdata-sections -std=gnu99 -funsigned-char -funsigned-bitfields -mmcu=atmega32 -DF_CPU=1000000UL -MMD -MP -MF"ADC_prog.d" -MT"ADC_prog.o" -c -o "ADC_prog.o" "../ADC_prog.c"
Finished building: ../ADC_prog.c
 
Building target: ADC.elf
Invoking: AVR C Linker
avr-gcc -Wl,-Map,ADC.map -mmcu=atmega32 -o "ADC.elf"  ./ADC_prog.o ./DIO_Prog.o ./delay_ms.o ./main.o   
Finished building target: ADC.elf
 
Invoking: AVR Create Extended Listing
avr-objdump -h -S ADC.elf  >"ADC.lss"
Finished building: ADC.lss
 
Create Flash image (ihex format)
avr-objcopy -R .eeprom -R .fuse -R .lock -R .signature -O ihex ADC.elf  "ADC.hex"
Finished building: ADC.hex
 
Invoking: Print Size
avr-size --format=avr --mcu=atmega32 ADC.elf
AVR Memory Usage
----------------
Device: atmega32

Program:    2600 bytes (7.9% Full)
(.text + .data + .bootloader)

Data:          0 bytes (0.0% Full)
(.data + .bss + .noinit)


Finished building: sizedummy
 
17:24:52 **** Incremental Build of configuration Debug for project ADC ****
make all 
Building file: ../main.c
Invoking: AVR Compiler
avr-gcc -Wall -g2 -gstabs -O0 -fpack-struct -fshort-enums -ffunction-sections -fdata-sections -std=gnu99 -funsigned-char -funsigned-bitfields -mmcu=atmega32 -DF_CPU=1000000UL -MMD -MP -MF"main.d" -MT"main.o" -c -o "main.o" "../main.c"
../main.c:37:6: warning: return type of ‘main’ is not ‘int’ [-Wmain]
 void main (void)
      ^
../main.c: In function ‘LDR_u8Value’:
../main.c:33:1: warning: control reaches end of non-void function [-Wreturn-type]
 }
 ^
Finished building: ../main.c
 
Building target: ADC.elf
Invoking: AVR C Linker
avr-gcc -Wl,-Map,ADC.map -mmcu=atmega32 -o "ADC.elf"  ./ADC_prog.o ./DIO_Prog.o ./delay_ms.o ./main.o   
Finished building target: ADC.elf
 
Invoking: AVR Create Extended Listing
avr-objdump -h -S ADC.elf  >"ADC.lss"
Finished building: ADC.lss
 
Create Flash image (ihex format)
avr-objcopy -R .eeprom -R .fuse -R .lock -R .signature -O ihex ADC.elf  "ADC.hex"
Finished building: ADC.hex
 
Invoking: Print Size
avr-size --format=avr --mcu=atmega32 ADC.elf
AVR Memory Usage
----------------
Device: atmega32

Program:    2602 bytes (7.9% Full)
(.text + .data + .bootloader)

Data:          0 bytes (0.0% Full)
(.data + .bss + .noinit)


Finished building: sizedummy
 
17:29:43 **** Incremental Build of configuration Debug for project ADC ****
make all 
Building file: ../main.c
Invoking: AVR Compiler
avr-gcc -Wall -g2 -gstabs -O0 -fpack-struct -fshort-enums -ffunction-sections -fdata-sections -std=gnu99 -funsigned-char -funsigned-bitfields -mmcu=atmega32 -DF_CPU=1000000UL -MMD -MP -MF"main.d" -MT"main.o" -c -o "main.o" "../main.c"
../main.c:37:6: warning: return type of ‘main’ is not ‘int’ [-Wmain]
 void main (void)
      ^
../main.c: In function ‘LDR_u8Value’:
../main.c:33:1: warning: control reaches end of non-void function [-Wreturn-type]
 }
 ^
Finished building: ../main.c
 
Building target: ADC.elf
Invoking: AVR C Linker
avr-gcc -Wl,-Map,ADC.map -mmcu=atmega32 -o "ADC.elf"  ./ADC_prog.o ./DIO_Prog.o ./delay_ms.o ./main.o   
Finished building target: ADC.elf
 
Invoking: AVR Create Extended Listing
avr-objdump -h -S ADC.elf  >"ADC.lss"
Finished building: ADC.lss
 
Create Flash image (ihex format)
avr-objcopy -R .eeprom -R .fuse -R .lock -R .signature -O ihex ADC.elf  "ADC.hex"
Finished building: ADC.hex
 
Invoking: Print Size
avr-size --format=avr --mcu=atmega32 ADC.elf
AVR Memory Usage
----------------
Device: atmega32

Program:    2602 bytes (7.9% Full)
(.text + .data + .bootloader)

Data:          0 bytes (0.0% Full)
(.data + .bss + .noinit)


Finished building: sizedummy
 
00:02:37 **** Build of configuration Debug for project UART ****
make all 
Building file: ../DIO_Prog.c
Invoking: AVR Compiler
avr-gcc -Wall -g2 -gstabs -O0 -fpack-struct -fshort-enums -ffunction-sections -fdata-sections -std=gnu99 -funsigned-char -funsigned-bitfields -mmcu=atmega16 -DF_CPU=1000000UL -MMD -MP -MF"DIO_Prog.d" -MT"DIO_Prog.o" -c -o "DIO_Prog.o" "../DIO_Prog.c"
Finished building: ../DIO_Prog.c
 
Building file: ../UART_Prog.c
Invoking: AVR Compiler
avr-gcc -Wall -g2 -gstabs -O0 -fpack-struct -fshort-enums -ffunction-sections -fdata-sections -std=gnu99 -funsigned-char -funsigned-bitfields -mmcu=atmega16 -DF_CPU=1000000UL -MMD -MP -MF"UART_Prog.d" -MT"UART_Prog.o" -c -o "UART_Prog.o" "../UART_Prog.c"
../UART_Prog.c: In function ‘UART_u8Transmit’:
../UART_Prog.c:40:1: warning: no return statement in function returning non-void [-Wreturn-type]
 }
 ^
../UART_Prog.c: In function ‘UART_u8Init’:
../UART_Prog.c:23:1: warning: control reaches end of non-void function [-Wreturn-type]
 }
 ^
Finished building: ../UART_Prog.c
 
Building file: ../delay_ms.c
Invoking: AVR Compiler
avr-gcc -Wall -g2 -gstabs -O0 -fpack-struct -fshort-enums -ffunction-sections -fdata-sections -std=gnu99 -funsigned-char -funsigned-bitfields -mmcu=atmega16 -DF_CPU=1000000UL -MMD -MP -MF"delay_ms.d" -MT"delay_ms.o" -c -o "delay_ms.o" "../delay_ms.c"
Finished building: ../delay_ms.c
 
Building file: ../main.c
Invoking: AVR Compiler
avr-gcc -Wall -g2 -gstabs -O0 -fpack-struct -fshort-enums -ffunction-sections -fdata-sections -std=gnu99 -funsigned-char -funsigned-bitfields -mmcu=atmega16 -DF_CPU=1000000UL -MMD -MP -MF"main.d" -MT"main.o" -c -o "main.o" "../main.c"
../main.c:13:6: warning: return type of ‘main’ is not ‘int’ [-Wmain]
 void main (void)
      ^
../main.c: In function ‘main’:
../main.c:21:1: error: too few arguments to function ‘UART_u8Transmit’
 UART_u8Transmit();
 ^
In file included from ../main.c:10:0:
../UART_Interface.h:15:4: note: declared here
 u8 UART_u8Transmit(u8 Copy_u8Data);
    ^
make: *** [main.o] Error 1
00:02:52 **** Incremental Build of configuration Debug for project UART ****
make all 
Building file: ../main.c
Invoking: AVR Compiler
avr-gcc -Wall -g2 -gstabs -O0 -fpack-struct -fshort-enums -ffunction-sections -fdata-sections -std=gnu99 -funsigned-char -funsigned-bitfields -mmcu=atmega16 -DF_CPU=1000000UL -MMD -MP -MF"main.d" -MT"main.o" -c -o "main.o" "../main.c"
../main.c:13:6: warning: return type of ‘main’ is not ‘int’ [-Wmain]
 void main (void)
      ^
Finished building: ../main.c
 
Building target: UART.elf
Invoking: AVR C Linker
avr-gcc -Wl,-Map,UART.map -mmcu=atmega16 -o "UART.elf"  ./DIO_Prog.o ./UART_Prog.o ./delay_ms.o ./main.o   
./main.o: In function `main':
../main.c:21: undefined reference to `UART_u8Transmit'
collect2: error: ld returned 1 exit status
make: *** [UART.elf] Error 1
00:03:05 **** Incremental Build of configuration Debug for project UART ****
make all 
Building file: ../main.c
Invoking: AVR Compiler
avr-gcc -Wall -g2 -gstabs -O0 -fpack-struct -fshort-enums -ffunction-sections -fdata-sections -std=gnu99 -funsigned-char -funsigned-bitfields -mmcu=atmega16 -DF_CPU=1000000UL -MMD -MP -MF"main.d" -MT"main.o" -c -o "main.o" "../main.c"
../main.c:13:6: warning: return type of ‘main’ is not ‘int’ [-Wmain]
 void main (void)
      ^
Finished building: ../main.c
 
Building target: UART.elf
Invoking: AVR C Linker
avr-gcc -Wl,-Map,UART.map -mmcu=atmega16 -o "UART.elf"  ./DIO_Prog.o ./UART_Prog.o ./delay_ms.o ./main.o   
./main.o: In function `main':
../main.c:21: undefined reference to `UART_u8Transmit'
collect2: error: ld returned 1 exit status
make: *** [UART.elf] Error 1
00:03:59 **** Incremental Build of configuration Debug for project UART ****
make all 
Building file: ../UART_Prog.c
Invoking: AVR Compiler
avr-gcc -Wall -g2 -gstabs -O0 -fpack-struct -fshort-enums -ffunction-sections -fdata-sections -std=gnu99 -funsigned-char -funsigned-bitfields -mmcu=atmega16 -DF_CPU=1000000UL -MMD -MP -MF"UART_Prog.d" -MT"UART_Prog.o" -c -o "UART_Prog.o" "../UART_Prog.c"
../UART_Prog.c: In function ‘UART_u8Transmit’:
../UART_Prog.c:40:1: warning: no return statement in function returning non-void [-Wreturn-type]
 }
 ^
../UART_Prog.c: In function ‘UART_u8Recieve’:
../UART_Prog.c:40:1: error: expected declaration or statement at end of input
../UART_Prog.c: In function ‘UART_u8Init’:
../UART_Prog.c:23:1: warning: control reaches end of non-void function [-Wreturn-type]
 }
 ^
make: *** [UART_Prog.o] Error 1
00:04:30 **** Incremental Build of configuration Debug for project UART ****
make all 
Building file: ../UART_Prog.c
Invoking: AVR Compiler
avr-gcc -Wall -g2 -gstabs -O0 -fpack-struct -fshort-enums -ffunction-sections -fdata-sections -std=gnu99 -funsigned-char -funsigned-bitfields -mmcu=atmega16 -DF_CPU=1000000UL -MMD -MP -MF"UART_Prog.d" -MT"UART_Prog.o" -c -o "UART_Prog.o" "../UART_Prog.c"
../UART_Prog.c: In function ‘UART_u8Init’:
../UART_Prog.c:23:1: warning: control reaches end of non-void function [-Wreturn-type]
 }
 ^
../UART_Prog.c: In function ‘UART_u8Transmit’:
../UART_Prog.c:40:1: warning: control reaches end of non-void function [-Wreturn-type]
 }
 ^
Finished building: ../UART_Prog.c
 
Building target: UART.elf
Invoking: AVR C Linker
avr-gcc -Wl,-Map,UART.map -mmcu=atmega16 -o "UART.elf"  ./DIO_Prog.o ./UART_Prog.o ./delay_ms.o ./main.o   
Finished building target: UART.elf
 
Invoking: AVR Create Extended Listing
avr-objdump -h -S UART.elf  >"UART.lss"
Finished building: UART.lss
 
Invoking: Print Size
avr-size --format=avr --mcu=atmega16 UART.elf
AVR Memory Usage
----------------
Device: atmega16

Program:    2258 bytes (13.8% Full)
(.text + .data + .bootloader)

Data:          0 bytes (0.0% Full)
(.data + .bss + .noinit)


Finished building: sizedummy
 
00:08:02 **** Incremental Build of configuration Debug for project UART ****
make all 
Building target: UART.elf
Invoking: AVR C Linker
avr-gcc -Wl,-Map,UART.map -mmcu=atmega16 -o "UART.elf"  ./DIO_Prog.o ./UART_Prog.o ./delay_ms.o ./main.o   
Finished building target: UART.elf
 
Invoking: AVR Create Extended Listing
avr-objdump -h -S UART.elf  >"UART.lss"
Finished building: UART.lss
 
Create Flash image (ihex format)
avr-objcopy -R .eeprom -R .fuse -R .lock -R .signature -O ihex UART.elf  "UART.hex"
Finished building: UART.hex
 
Invoking: Print Size
avr-size --format=avr --mcu=atmega16 UART.elf
AVR Memory Usage
----------------
Device: atmega16

Program:    2258 bytes (13.8% Full)
(.text + .data + .bootloader)

Data:          0 bytes (0.0% Full)
(.data + .bss + .noinit)


Finished building: sizedummy
 
00:18:21 **** Incremental Build of configuration Debug for project UART ****
make all 
Building file: ../UART_Prog.c
Invoking: AVR Compiler
avr-gcc -Wall -g2 -gstabs -O0 -fpack-struct -fshort-enums -ffunction-sections -fdata-sections -std=gnu99 -funsigned-char -funsigned-bitfields -mmcu=atmega16 -DF_CPU=1000000UL -MMD -MP -MF"UART_Prog.d" -MT"UART_Prog.o" -c -o "UART_Prog.o" "../UART_Prog.c"
../UART_Prog.c: In function ‘UART_u8Init’:
../UART_Prog.c:23:1: warning: control reaches end of non-void function [-Wreturn-type]
 }
 ^
../UART_Prog.c: In function ‘UART_u8Transmit’:
../UART_Prog.c:40:1: warning: control reaches end of non-void function [-Wreturn-type]
 }
 ^
Finished building: ../UART_Prog.c
 
Building target: UART.elf
Invoking: AVR C Linker
avr-gcc -Wl,-Map,UART.map -mmcu=atmega16 -o "UART.elf"  ./DIO_Prog.o ./UART_Prog.o ./delay_ms.o ./main.o   
Finished building target: UART.elf
 
Invoking: AVR Create Extended Listing
avr-objdump -h -S UART.elf  >"UART.lss"
Finished building: UART.lss
 
Create Flash image (ihex format)
avr-objcopy -R .eeprom -R .fuse -R .lock -R .signature -O ihex UART.elf  "UART.hex"
Finished building: UART.hex
 
Invoking: Print Size
avr-size --format=avr --mcu=atmega16 UART.elf
AVR Memory Usage
----------------
Device: atmega16

Program:    2258 bytes (13.8% Full)
(.text + .data + .bootloader)

Data:          0 bytes (0.0% Full)
(.data + .bss + .noinit)


Finished building: sizedummy
 
00:22:17 **** Incremental Build of configuration Debug for project UART ****
make all 
Building file: ../UART_Prog.c
Invoking: AVR Compiler
avr-gcc -Wall -g2 -gstabs -O0 -fpack-struct -fshort-enums -ffunction-sections -fdata-sections -std=gnu99 -funsigned-char -funsigned-bitfields -mmcu=atmega16 -DF_CPU=1000000UL -MMD -MP -MF"UART_Prog.d" -MT"UART_Prog.o" -c -o "UART_Prog.o" "../UART_Prog.c"
../UART_Prog.c: In function ‘UART_u8Init’:
../UART_Prog.c:23:1: warning: control reaches end of non-void function [-Wreturn-type]
 }
 ^
../UART_Prog.c: In function ‘UART_u8Transmit’:
../UART_Prog.c:40:1: warning: control reaches end of non-void function [-Wreturn-type]
 }
 ^
Finished building: ../UART_Prog.c
 
Building target: UART.elf
Invoking: AVR C Linker
avr-gcc -Wl,-Map,UART.map -mmcu=atmega16 -o "UART.elf"  ./DIO_Prog.o ./UART_Prog.o ./delay_ms.o ./main.o   
Finished building target: UART.elf
 
Invoking: AVR Create Extended Listing
avr-objdump -h -S UART.elf  >"UART.lss"
Finished building: UART.lss
 
Create Flash image (ihex format)
avr-objcopy -R .eeprom -R .fuse -R .lock -R .signature -O ihex UART.elf  "UART.hex"
Finished building: UART.hex
 
Invoking: Print Size
avr-size --format=avr --mcu=atmega16 UART.elf
AVR Memory Usage
----------------
Device: atmega16

Program:    2258 bytes (13.8% Full)
(.text + .data + .bootloader)

Data:          0 bytes (0.0% Full)
(.data + .bss + .noinit)


Finished building: sizedummy
 
00:22:20 **** Incremental Build of configuration Debug for project UART ****
make all 
Invoking: Print Size
avr-size --format=avr --mcu=atmega16 UART.elf
AVR Memory Usage
----------------
Device: atmega16

Program:    2258 bytes (13.8% Full)
(.text + .data + .bootloader)

Data:          0 bytes (0.0% Full)
(.data + .bss + .noinit)


Finished building: sizedummy
 
00:23:39 **** Incremental Build of configuration Debug for project UART ****
make all 
Building file: ../main.c
Invoking: AVR Compiler
avr-gcc -Wall -g2 -gstabs -O0 -fpack-struct -fshort-enums -ffunction-sections -fdata-sections -std=gnu99 -funsigned-char -funsigned-bitfields -mmcu=atmega16 -DF_CPU=1000000UL -MMD -MP -MF"main.d" -MT"main.o" -c -o "main.o" "../main.c"
../main.c:13:6: warning: return type of ‘main’ is not ‘int’ [-Wmain]
 void main (void)
      ^
Finished building: ../main.c
 
Building target: UART.elf
Invoking: AVR C Linker
avr-gcc -Wl,-Map,UART.map -mmcu=atmega16 -o "UART.elf"  ./DIO_Prog.o ./UART_Prog.o ./delay_ms.o ./main.o   
Finished building target: UART.elf
 
Invoking: AVR Create Extended Listing
avr-objdump -h -S UART.elf  >"UART.lss"
Finished building: UART.lss
 
Create Flash image (ihex format)
avr-objcopy -R .eeprom -R .fuse -R .lock -R .signature -O ihex UART.elf  "UART.hex"
Finished building: UART.hex
 
Invoking: Print Size
avr-size --format=avr --mcu=atmega16 UART.elf
AVR Memory Usage
----------------
Device: atmega16

Program:    2258 bytes (13.8% Full)
(.text + .data + .bootloader)

Data:          0 bytes (0.0% Full)
(.data + .bss + .noinit)


Finished building: sizedummy
 
00:26:34 **** Incremental Build of configuration Debug for project UART ****
make all 
Building file: ../main.c
../main.c: In function ‘USART_Init’:
Invoking: AVR Compiler
../main.c:16:1: error: ‘UBRRL’ undeclared (first use in this function)
avr-gcc -Wall -g2 -gstabs -O0 -fpack-struct -fshort-enums -ffunction-sections -fdata-sections -std=gnu99 -funsigned-char -funsigned-bitfields -mmcu=atmega16 -DF_CPU=1000000UL -MMD -MP -MF"main.d" -MT"main.o" -c -o "main.o" "../main.c"
 UBRRL = (unsigned char)baud;
 ^
../main.c:16:1: note: each undeclared identifier is reported only once for each function it appears in
../main.c:18:1: error: ‘UCSRB’ undeclared (first use in this function)
 UCSRB = (1<<RXEN)|(1<<TXEN);
 ^
../main.c:18:13: error: ‘RXEN’ undeclared (first use in this function)
 UCSRB = (1<<RXEN)|(1<<TXEN);
             ^
../main.c:18:23: error: ‘TXEN’ undeclared (first use in this function)
 UCSRB = (1<<RXEN)|(1<<TXEN);
                       ^
../main.c:20:1: error: ‘UCSRC’ undeclared (first use in this function)
 UCSRC = (1<<URSEL)|(1<<USBS)|(3<<UCSZ0);
 ^
../main.c:20:13: error: ‘URSEL’ undeclared (first use in this function)
 UCSRC = (1<<URSEL)|(1<<USBS)|(3<<UCSZ0);
             ^
../main.c:20:24: error: ‘USBS’ undeclared (first use in this function)
 UCSRC = (1<<URSEL)|(1<<USBS)|(3<<UCSZ0);
                        ^
../main.c:20:34: error: ‘UCSZ0’ undeclared (first use in this function)
 UCSRC = (1<<URSEL)|(1<<USBS)|(3<<UCSZ0);
                                  ^
../main.c: At top level:
../main.c:22:6: warning: return type of ‘main’ is not ‘int’ [-Wmain]
 void main (void)
      ^
make: *** [main.o] Error 1
00:27:09 **** Incremental Build of configuration Debug for project UART ****
make all 
Building file: ../main.c
Invoking: AVR Compiler
avr-gcc -Wall -g2 -gstabs -O0 -fpack-struct -fshort-enums -ffunction-sections -fdata-sections -std=gnu99 -funsigned-char -funsigned-bitfields -mmcu=atmega16 -DF_CPU=1000000UL -MMD -MP -MF"main.d" -MT"main.o" -c -o "main.o" "../main.c"
../main.c:23:6: warning: return type of ‘main’ is not ‘int’ [-Wmain]
 void main (void)
      ^
Finished building: ../main.c
 
Building target: UART.elf
Invoking: AVR C Linker
avr-gcc -Wl,-Map,UART.map -mmcu=atmega16 -o "UART.elf"  ./DIO_Prog.o ./UART_Prog.o ./delay_ms.o ./main.o   
Finished building target: UART.elf
 
Invoking: AVR Create Extended Listing
avr-objdump -h -S UART.elf  >"UART.lss"
Finished building: UART.lss
 
Create Flash image (ihex format)
avr-objcopy -R .eeprom -R .fuse -R .lock -R .signature -O ihex UART.elf  "UART.hex"
Finished building: UART.hex
 
Invoking: Print Size
avr-size --format=avr --mcu=atmega16 UART.elf
AVR Memory Usage
----------------
Device: atmega16

Program:    2308 bytes (14.1% Full)
(.text + .data + .bootloader)

Data:          0 bytes (0.0% Full)
(.data + .bss + .noinit)


Finished building: sizedummy
 
00:28:31 **** Incremental Build of configuration Debug for project UART ****
make all 
Building file: ../main.c
Invoking: AVR Compiler
avr-gcc -Wall -g2 -gstabs -O0 -fpack-struct -fshort-enums -ffunction-sections -fdata-sections -std=gnu99 -funsigned-char -funsigned-bitfields -mmcu=atmega16 -DF_CPU=1000000UL -MMD -MP -MF"main.d" -MT"main.o" -c -o "main.o" "../main.c"
../main.c:33:6: warning: return type of ‘main’ is not ‘int’ [-Wmain]
 void main (void)
      ^
Finished building: ../main.c
 
Building target: UART.elf
Invoking: AVR C Linker
avr-gcc -Wl,-Map,UART.map -mmcu=atmega16 -o "UART.elf"  ./DIO_Prog.o ./UART_Prog.o ./delay_ms.o ./main.o   
Finished building target: UART.elf
 
Invoking: AVR Create Extended Listing
avr-objdump -h -S UART.elf  >"UART.lss"
Finished building: UART.lss
 
Create Flash image (ihex format)
avr-objcopy -R .eeprom -R .fuse -R .lock -R .signature -O ihex UART.elf  "UART.hex"
Finished building: UART.hex
 
Invoking: Print Size
avr-size --format=avr --mcu=atmega16 UART.elf
AVR Memory Usage
----------------
Device: atmega16

Program:    2368 bytes (14.5% Full)
(.text + .data + .bootloader)

Data:          0 bytes (0.0% Full)
(.data + .bss + .noinit)


Finished building: sizedummy
 
00:28:32 **** Incremental Build of configuration Debug for project UART ****
make all 
Invoking: Print Size
avr-size --format=avr --mcu=atmega16 UART.elf
AVR Memory Usage
----------------
Device: atmega16

Program:    2368 bytes (14.5% Full)
(.text + .data + .bootloader)

Data:          0 bytes (0.0% Full)
(.data + .bss + .noinit)


Finished building: sizedummy
 
00:30:26 **** Incremental Build of configuration Debug for project UART ****
make all 
Building file: ../main.c
Invoking: AVR Compiler
avr-gcc -Wall -g2 -gstabs -O0 -fpack-struct -fshort-enums -ffunction-sections -fdata-sections -std=gnu99 -funsigned-char -funsigned-bitfields -mmcu=atmega16 -DF_CPU=1000000UL -MMD -MP -MF"main.d" -MT"main.o" -c -o "main.o" "../main.c"
../main.c:33:6: warning: return type of ‘main’ is not ‘int’ [-Wmain]
 void main (void)
      ^
Finished building: ../main.c
 
Building target: UART.elf
Invoking: AVR C Linker
avr-gcc -Wl,-Map,UART.map -mmcu=atmega16 -o "UART.elf"  ./DIO_Prog.o ./UART_Prog.o ./delay_ms.o ./main.o   
Finished building target: UART.elf
 
Invoking: AVR Create Extended Listing
avr-objdump -h -S UART.elf  >"UART.lss"
Finished building: UART.lss
 
Create Flash image (ihex format)
avr-objcopy -R .eeprom -R .fuse -R .lock -R .signature -O ihex UART.elf  "UART.hex"
Finished building: UART.hex
 
Invoking: Print Size
avr-size --format=avr --mcu=atmega16 UART.elf
AVR Memory Usage
----------------
Device: atmega16

Program:    2368 bytes (14.5% Full)
(.text + .data + .bootloader)

Data:          0 bytes (0.0% Full)
(.data + .bss + .noinit)


Finished building: sizedummy
 
00:31:10 **** Incremental Build of configuration Debug for project UART ****
make all 
Building file: ../main.c
Invoking: AVR Compiler
avr-gcc -Wall -g2 -gstabs -O0 -fpack-struct -fshort-enums -ffunction-sections -fdata-sections -std=gnu99 -funsigned-char -funsigned-bitfields -mmcu=atmega16 -DF_CPU=1000000UL -MMD -MP -MF"main.d" -MT"main.o" -c -o "main.o" "../main.c"
../main.c:33:6: warning: return type of ‘main’ is not ‘int’ [-Wmain]
 void main (void)
      ^
Finished building: ../main.c
 
Building target: UART.elf
Invoking: AVR C Linker
avr-gcc -Wl,-Map,UART.map -mmcu=atmega16 -o "UART.elf"  ./DIO_Prog.o ./UART_Prog.o ./delay_ms.o ./main.o   
Finished building target: UART.elf
 
Invoking: AVR Create Extended Listing
avr-objdump -h -S UART.elf  >"UART.lss"
Finished building: UART.lss
 
Create Flash image (ihex format)
avr-objcopy -R .eeprom -R .fuse -R .lock -R .signature -O ihex UART.elf  "UART.hex"
Finished building: UART.hex
 
Invoking: Print Size
avr-size --format=avr --mcu=atmega16 UART.elf
AVR Memory Usage
----------------
Device: atmega16

Program:    2364 bytes (14.4% Full)
(.text + .data + .bootloader)

Data:          0 bytes (0.0% Full)
(.data + .bss + .noinit)


Finished building: sizedummy
 
00:33:56 **** Incremental Build of configuration Debug for project UART ****
make all 
Building file: ../UART_Prog.c
Invoking: AVR Compiler
avr-gcc -Wall -g2 -gstabs -O0 -fpack-struct -fshort-enums -ffunction-sections -fdata-sections -std=gnu99 -funsigned-char -funsigned-bitfields -mmcu=atmega16 -DF_CPU=1000000UL -MMD -MP -MF"UART_Prog.d" -MT"UART_Prog.o" -c -o "UART_Prog.o" "../UART_Prog.c"
../UART_Prog.c: In function ‘UART_u8Init’:
../UART_Prog.c:23:1: warning: control reaches end of non-void function [-Wreturn-type]
 }
 ^
../UART_Prog.c: In function ‘UART_u8Transmit’:
../UART_Prog.c:40:1: warning: control reaches end of non-void function [-Wreturn-type]
 }
 ^
Finished building: ../UART_Prog.c
 
Building target: UART.elf
Invoking: AVR C Linker
avr-gcc -Wl,-Map,UART.map -mmcu=atmega16 -o "UART.elf"  ./DIO_Prog.o ./UART_Prog.o ./delay_ms.o ./main.o   
Finished building target: UART.elf
 
Invoking: AVR Create Extended Listing
avr-objdump -h -S UART.elf  >"UART.lss"
Finished building: UART.lss
 
Create Flash image (ihex format)
avr-objcopy -R .eeprom -R .fuse -R .lock -R .signature -O ihex UART.elf  "UART.hex"
Finished building: UART.hex
 
Invoking: Print Size
avr-size --format=avr --mcu=atmega16 UART.elf
AVR Memory Usage
----------------
Device: atmega16

Program:    2356 bytes (14.4% Full)
(.text + .data + .bootloader)

Data:          0 bytes (0.0% Full)
(.data + .bss + .noinit)


Finished building: sizedummy
 
00:34:48 **** Incremental Build of configuration Debug for project UART ****
make all 
Building file: ../UART_Prog.c
Invoking: AVR Compiler
avr-gcc -Wall -g2 -gstabs -O0 -fpack-struct -fshort-enums -ffunction-sections -fdata-sections -std=gnu99 -funsigned-char -funsigned-bitfields -mmcu=atmega16 -DF_CPU=1000000UL -MMD -MP -MF"UART_Prog.d" -MT"UART_Prog.o" -c -o "UART_Prog.o" "../UART_Prog.c"
../UART_Prog.c: In function ‘UART_u8Init’:
../UART_Prog.c:23:1: warning: control reaches end of non-void function [-Wreturn-type]
 }
 ^
../UART_Prog.c: In function ‘UART_u8Transmit’:
../UART_Prog.c:40:1: warning: control reaches end of non-void function [-Wreturn-type]
 }
 ^
Finished building: ../UART_Prog.c
 
Building target: UART.elf
Invoking: AVR C Linker
avr-gcc -Wl,-Map,UART.map -mmcu=atmega16 -o "UART.elf"  ./DIO_Prog.o ./UART_Prog.o ./delay_ms.o ./main.o   
Finished building target: UART.elf
 
Invoking: AVR Create Extended Listing
avr-objdump -h -S UART.elf  >"UART.lss"
Finished building: UART.lss
 
Create Flash image (ihex format)
avr-objcopy -R .eeprom -R .fuse -R .lock -R .signature -O ihex UART.elf  "UART.hex"
Finished building: UART.hex
 
Invoking: Print Size
avr-size --format=avr --mcu=atmega16 UART.elf
AVR Memory Usage
----------------
Device: atmega16

Program:    2356 bytes (14.4% Full)
(.text + .data + .bootloader)

Data:          0 bytes (0.0% Full)
(.data + .bss + .noinit)


Finished building: sizedummy
 
10:24:21 **** Incremental Build of configuration Debug for project UART ****
make all 
Building file: ../main.c
Invoking: AVR Compiler
avr-gcc -Wall -g2 -gstabs -O0 -fpack-struct -fshort-enums -ffunction-sections -fdata-sections -std=gnu99 -funsigned-char -funsigned-bitfields -mmcu=atmega16 -DF_CPU=1000000UL -MMD -MP -MF"main.d" -MT"main.o" -c -o "main.o" "../main.c"
../main.c:15:6: warning: return type of ‘main’ is not ‘int’ [-Wmain]
 void main (void)
      ^
Finished building: ../main.c
 
Building target: UART.elf
Invoking: AVR C Linker
avr-gcc -Wl,-Map,UART.map -mmcu=atmega16 -o "UART.elf"  ./DIO_Prog.o ./UART_Prog.o ./delay_ms.o ./main.o   
Finished building target: UART.elf
 
Invoking: AVR Create Extended Listing
avr-objdump -h -S UART.elf  >"UART.lss"
Finished building: UART.lss
 
Create Flash image (ihex format)
avr-objcopy -R .eeprom -R .fuse -R .lock -R .signature -O ihex UART.elf  "UART.hex"
Finished building: UART.hex
 
Invoking: Print Size
avr-size --format=avr --mcu=atmega16 UART.elf
AVR Memory Usage
----------------
Device: atmega16

Program:    2250 bytes (13.7% Full)
(.text + .data + .bootloader)

Data:          0 bytes (0.0% Full)
(.data + .bss + .noinit)


Finished building: sizedummy
 
