12:57:12 **** Incremental Build of configuration Debug for project LCD_Tasks ****
make all 
Building file: ../main.c
Invoking: AVR Compiler
avr-gcc -Wall -g2 -gstabs -O0 -fpack-struct -fshort-enums -ffunction-sections -fdata-sections -std=gnu99 -funsigned-char -funsigned-bitfields -mmcu=atmega32 -DF_CPU=4000000UL -MMD -MP -MF"main.d" -MT"main.o" -c -o "main.o" "../main.c"
In file included from ../main.c:16:0:
/usr/lib/avr/include/util/delay.h:95:3: warning: #warning "Compiler optimizations disabled; functions from <util/delay.h> won't work as designed" [-Wcpp]
 # warning "Compiler optimizations disabled; functions from <util/delay.h> won't work as designed"
   ^
../main.c:20:6: warning: return type of ‘main’ is not ‘int’ [-Wmain]
 void main(void)
      ^
../main.c: In function ‘main’:
../main.c:45:4: warning: unused variable ‘x’ [-Wunused-variable]
 u8 x[3][8]= { {
    ^
../main.c:31:5: warning: unused variable ‘Local_Result’ [-Wunused-variable]
  u8 Local_Result=0;
     ^
../main.c:30:30: warning: unused variable ‘Local_TemporaryCounter2’ [-Wunused-variable]
  u8 Local_TemporaryCounter=0,Local_TemporaryCounter2=0;
                              ^
../main.c:30:5: warning: unused variable ‘Local_TemporaryCounter’ [-Wunused-variable]
  u8 Local_TemporaryCounter=0,Local_TemporaryCounter2=0;
     ^
../main.c:29:5: warning: unused variable ‘Local_SignHolder’ [-Wunused-variable]
  u8 Local_SignHolder =0;
     ^
../main.c:28:61: warning: unused variable ‘Local_MultiplyFlag’ [-Wunused-variable]
  u8 Local_PlusFlag=0,Local_MinusFlag=0,Local_DivisionFlag=0,Local_MultiplyFlag=0;
                                                             ^
../main.c:28:40: warning: unused variable ‘Local_DivisionFlag’ [-Wunused-variable]
  u8 Local_PlusFlag=0,Local_MinusFlag=0,Local_DivisionFlag=0,Local_MultiplyFlag=0;
                                        ^
../main.c:28:22: warning: unused variable ‘Local_MinusFlag’ [-Wunused-variable]
  u8 Local_PlusFlag=0,Local_MinusFlag=0,Local_DivisionFlag=0,Local_MultiplyFlag=0;
                      ^
../main.c:28:5: warning: unused variable ‘Local_PlusFlag’ [-Wunused-variable]
  u8 Local_PlusFlag=0,Local_MinusFlag=0,Local_DivisionFlag=0,Local_MultiplyFlag=0;
     ^
../main.c:27:108: warning: unused variable ‘Local_FourthDigitFlag’ [-Wunused-variable]
  u8 Local_Counter=0,Local_Counter2=0,Local_FirstDigitFlag=0,Local_SecondDigitFlag=0,Local_ThirdDigitFlag=0,Local_FourthDigitFlag=1;
                                                                                                            ^
../main.c:27:85: warning: unused variable ‘Local_ThirdDigitFlag’ [-Wunused-variable]
  u8 Local_Counter=0,Local_Counter2=0,Local_FirstDigitFlag=0,Local_SecondDigitFlag=0,Local_ThirdDigitFlag=0,Local_FourthDigitFlag=1;
                                                                                     ^
../main.c:27:61: warning: unused variable ‘Local_SecondDigitFlag’ [-Wunused-variable]
  u8 Local_Counter=0,Local_Counter2=0,Local_FirstDigitFlag=0,Local_SecondDigitFlag=0,Local_ThirdDigitFlag=0,Local_FourthDigitFlag=1;
                                                             ^
../main.c:27:38: warning: unused variable ‘Local_FirstDigitFlag’ [-Wunused-variable]
  u8 Local_Counter=0,Local_Counter2=0,Local_FirstDigitFlag=0,Local_SecondDigitFlag=0,Local_ThirdDigitFlag=0,Local_FourthDigitFlag=1;
                                      ^
../main.c:27:21: warning: unused variable ‘Local_Counter2’ [-Wunused-variable]
  u8 Local_Counter=0,Local_Counter2=0,Local_FirstDigitFlag=0,Local_SecondDigitFlag=0,Local_ThirdDigitFlag=0,Local_FourthDigitFlag=1;
                     ^
../main.c:27:5: warning: unused variable ‘Local_Counter’ [-Wunused-variable]
  u8 Local_Counter=0,Local_Counter2=0,Local_FirstDigitFlag=0,Local_SecondDigitFlag=0,Local_ThirdDigitFlag=0,Local_FourthDigitFlag=1;
     ^
../main.c:26:29: warning: unused variable ‘Local_DigitHolder’ [-Wunused-variable]
  u8 Local_TemporaryHolder=0,Local_DigitHolder;
                             ^
../main.c:26:5: warning: unused variable ‘Local_TemporaryHolder’ [-Wunused-variable]
  u8 Local_TemporaryHolder=0,Local_DigitHolder;
     ^
../main.c:25:23: warning: unused variable ‘base_ddr’ [-Wunused-variable]
  u8 i,j,base_cgr=0x40,base_ddr=0x80,lcd_counter=0;
                       ^
Finished building: ../main.c
 
Building target: LCD_Tasks.elf
Invoking: AVR C Linker
avr-gcc -Wl,-Map,LCD_Tasks.map -mmcu=atmega32 -o "LCD_Tasks.elf"  ./DIO_Prog.o ./DIO_voidInitialize.o ./LCD_Prog.o ./delay_ms.o ./main.o   
Finished building target: LCD_Tasks.elf
 
Invoking: AVR Create Extended Listing
avr-objdump -h -S LCD_Tasks.elf  >"LCD_Tasks.lss"
Finished building: LCD_Tasks.lss
 
Create Flash image (ihex format)
avr-objcopy -R .eeprom -R .fuse -R .lock -R .signature -O ihex LCD_Tasks.elf  "LCD_Tasks.hex"
Finished building: LCD_Tasks.hex
 
Invoking: Print Size
avr-size --format=avr --mcu=atmega32 LCD_Tasks.elf
AVR Memory Usage
----------------
Device: atmega32

Program:    2224 bytes (6.8% Full)
(.text + .data + .bootloader)

Data:         89 bytes (4.3% Full)
(.data + .bss + .noinit)


Finished building: sizedummy
 

12:57:12 Build Finished (took 285ms)

