12:39:25 **** Incremental Build of configuration Debug for project LCD_Calculator_With_Switchs ****
make all 
Building file: ../main.c
Invoking: AVR Compiler
avr-gcc -Wall -g2 -gstabs -O0 -fpack-struct -fshort-enums -ffunction-sections -fdata-sections -std=gnu99 -funsigned-char -funsigned-bitfields -mmcu=atmega32 -DF_CPU=4000000UL -MMD -MP -MF"main.d" -MT"main.o" -c -o "main.o" "../main.c"
In file included from ../main.c:16:0:
/usr/lib/avr/include/util/delay.h:95:3: warning: #warning "Compiler optimizations disabled; functions from <util/delay.h> won't work as designed" [-Wcpp]
 # warning "Compiler optimizations disabled; functions from <util/delay.h> won't work as designed"
   ^
../main.c:20:6: warning: return type of ‘main’ is not ‘int’ [-Wmain]
 void main(void)
      ^
../main.c: In function ‘main’:
../main.c:152:4: warning: unused variable ‘name’ [-Wunused-variable]
 u8 name[][8]={
    ^
../main.c:45:4: warning: unused variable ‘x’ [-Wunused-variable]
 u8 x[3][8]= { {
    ^
../main.c:28:61: warning: variable ‘Local_MultiplyFlag’ set but not used [-Wunused-but-set-variable]
  u8 Local_PlusFlag=0,Local_MinusFlag=0,Local_DivisionFlag=0,Local_MultiplyFlag=0;
                                                             ^
../main.c:28:40: warning: variable ‘Local_DivisionFlag’ set but not used [-Wunused-but-set-variable]
  u8 Local_PlusFlag=0,Local_MinusFlag=0,Local_DivisionFlag=0,Local_MultiplyFlag=0;
                                        ^
../main.c:28:22: warning: variable ‘Local_MinusFlag’ set but not used [-Wunused-but-set-variable]
  u8 Local_PlusFlag=0,Local_MinusFlag=0,Local_DivisionFlag=0,Local_MultiplyFlag=0;
                      ^
../main.c:28:5: warning: variable ‘Local_PlusFlag’ set but not used [-Wunused-but-set-variable]
  u8 Local_PlusFlag=0,Local_MinusFlag=0,Local_DivisionFlag=0,Local_MultiplyFlag=0;
     ^
../main.c:26:29: warning: unused variable ‘Local_DigitHolder’ [-Wunused-variable]
  u8 Local_TemporaryHolder=0,Local_DigitHolder;
                             ^
../main.c:26:5: warning: unused variable ‘Local_TemporaryHolder’ [-Wunused-variable]
  u8 Local_TemporaryHolder=0,Local_DigitHolder;
     ^
../main.c:25:37: warning: unused variable ‘lcd_counter’ [-Wunused-variable]
  u8 i,j,base_cgr=0x40,base_ddr=0x80,lcd_counter=0;
                                     ^
../main.c:25:23: warning: unused variable ‘base_ddr’ [-Wunused-variable]
  u8 i,j,base_cgr=0x40,base_ddr=0x80,lcd_counter=0;
                       ^
../main.c:25:9: warning: unused variable ‘base_cgr’ [-Wunused-variable]
  u8 i,j,base_cgr=0x40,base_ddr=0x80,lcd_counter=0;
         ^
../main.c:25:7: warning: unused variable ‘j’ [-Wunused-variable]
  u8 i,j,base_cgr=0x40,base_ddr=0x80,lcd_counter=0;
       ^
../main.c:25:5: warning: unused variable ‘i’ [-Wunused-variable]
  u8 i,j,base_cgr=0x40,base_ddr=0x80,lcd_counter=0;
     ^
Finished building: ../main.c
 
Building target: LCD_Calculator_With_Switchs.elf
Invoking: AVR C Linker
avr-gcc -Wl,-Map,LCD_Calculator_With_Switchs.map -mmcu=atmega32 -o "LCD_Calculator_With_Switchs.elf"  ./DIO_Prog.o ./DIO_voidInitialize.o ./LCD_Prog.o ./delay_ms.o ./main.o   
Finished building target: LCD_Calculator_With_Switchs.elf
 
Invoking: AVR Create Extended Listing
avr-objdump -h -S LCD_Calculator_With_Switchs.elf  >"LCD_Calculator_With_Switchs.lss"
Finished building: LCD_Calculator_With_Switchs.lss
 
Create Flash image (ihex format)
avr-objcopy -R .eeprom -R .fuse -R .lock -R .signature -O ihex LCD_Calculator_With_Switchs.elf  "LCD_Calculator_With_Switchs.hex"
Finished building: LCD_Calculator_With_Switchs.hex
 
Invoking: Print Size
avr-size --format=avr --mcu=atmega32 LCD_Calculator_With_Switchs.elf
AVR Memory Usage
----------------
Device: atmega32

Program:    2904 bytes (8.9% Full)
(.text + .data + .bootloader)

Data:         89 bytes (4.3% Full)
(.data + .bss + .noinit)


Finished building: sizedummy
 

12:39:25 Build Finished (took 268ms)

