15:53:34 **** Incremental Build of configuration Debug for project LED_Matrix ****
make all 
Building file: ../main.c
Invoking: AVR Compiler
avr-gcc -Wall -g2 -gstabs -O0 -fpack-struct -fshort-enums -ffunction-sections -fdata-sections -std=gnu99 -funsigned-char -funsigned-bitfields -mmcu=atmega32 -DF_CPU=4000000UL -MMD -MP -MF"main.d" -MT"main.o" -c -o "main.o" "../main.c"
In file included from ../main.c:17:0:
../bitCalc.h:12:0: warning: "getBit" redefined [enabled by default]
 #define getBit(Reg,bitNum)    (Reg>>bitNum)&1
 ^
In file included from ../main.c:9:0:
../utils.h:12:0: note: this is the location of the previous definition
 #define getBit(Reg,bitNum)    ((Reg>>bitNum)&1)
 ^
../main.c:20:6: warning: return type of ‘main’ is not ‘int’ [-Wmain]
 void main (void)
      ^
../main.c: In function ‘main’:
../main.c:23:5: warning: unused variable ‘Image’ [-Wunused-variable]
  u8 Image[][8]= {
     ^
Finished building: ../main.c
 
Building target: LED_Matrix.elf
Invoking: AVR C Linker
avr-gcc -Wl,-Map,LED_Matrix.map -mmcu=atmega32 -o "LED_Matrix.elf"  ./Green.o ./Initializing.o ./Orange.o ./Red.o ./delay_ms.o ./main.o   
Finished building target: LED_Matrix.elf
 
Invoking: AVR Create Extended Listing
avr-objdump -h -S LED_Matrix.elf  >"LED_Matrix.lss"
Finished building: LED_Matrix.lss
 
Invoking: Print Size
avr-size --format=avr --mcu=atmega32 LED_Matrix.elf
AVR Memory Usage
----------------
Device: atmega32

Program:    1522 bytes (4.6% Full)
(.text + .data + .bootloader)

Data:        502 bytes (24.5% Full)
(.data + .bss + .noinit)


Finished building: sizedummy
 

15:53:34 Build Finished (took 61ms)

