18:44:25 **** Incremental Build of configuration Debug for project Lock_switch ****
make all 
Building file: ../main.c
Invoking: AVR Compiler
avr-gcc -Wall -g2 -gstabs -O0 -fpack-struct -fshort-enums -ffunction-sections -fdata-sections -std=gnu99 -funsigned-char -funsigned-bitfields -mmcu=atmega32 -DF_CPU=4000000UL -MMD -MP -MF"main.d" -MT"main.o" -c -o "main.o" "../main.c"
In file included from ../main.c:11:
c:/winavr-20100110/lib/gcc/../../avr/include/util/delay.h:90:3: warning: #warning "Compiler optimizations disabled; functions from <util/delay.h> won't work as designed"
../main.c:20:1: warning: "F_CPU" redefined
<command-line>: warning: this is the location of the previous definition
../main.c:21: warning: return type of 'main' is not 'int'
Finished building: ../main.c
 
Building target: Lock_switch.elf
Invoking: AVR C Linker
avr-gcc -Wl,-Map,Lock_switch.map -mmcu=atmega32 -o "Lock_switch.elf"  ./Green.o ./Initializing.o ./Orange.o ./Red.o ./delay_ms.o ./main.o   
Finished building target: Lock_switch.elf
 
Invoking: AVR Create Extended Listing
avr-objdump -h -S Lock_switch.elf  >"Lock_switch.lss"
Finished building: Lock_switch.lss
 
Create Flash image (ihex format)
avr-objcopy -R .eeprom -R .fuse -R .lock -R .signature -O ihex Lock_switch.elf  "Lock_switch.hex"
Finished building: Lock_switch.hex
 
Invoking: Print Size
avr-size --format=avr --mcu=atmega32 Lock_switch.elf
AVR Memory Usage
----------------
Device: atmega32

Program:    5242 bytes (16.0% Full)
(.text + .data + .bootloader)

Data:         88 bytes (4.3% Full)
(.data + .bss + .noinit)


Finished building: sizedummy
 
Invoking: AVRDude
C:\WinAVR-20100110\bin\avrdude -pm32 -cusbasp -u -Uflash:w:Lock_switch.hex:a -Ulfuse:w:0xff:m -Uhfuse:w:0xd9:m
avrdude: error: could not find USB device "USBasp" with vid=0x16c0 pid=0x5dc
make: *** [avrdudedummy] Error 1

18:44:27 Build Finished (took 2s.10ms)

