13:33:58 **** Build of configuration Debug for project Stepper_Direction_Control_with_switch ****
make all 
Building target: Stepper_Direction_Control_with_switch.elf
Invoking: AVR C Linker
avr-gcc -Wl,-Map,Stepper_Direction_Control_with_switch.map -mmcu=atmega32 -o "Stepper_Direction_Control_with_switch.elf"  ./DIO_Prog.o ./STEPPER_prog.o ./delay_ms.o ./main.o   
Finished building target: Stepper_Direction_Control_with_switch.elf
 
Invoking: AVR Create Extended Listing
avr-objdump -h -S Stepper_Direction_Control_with_switch.elf  >"Stepper_Direction_Control_with_switch.lss"
Finished building: Stepper_Direction_Control_with_switch.lss
 
Create Flash image (ihex format)
avr-objcopy -R .eeprom -R .fuse -R .lock -R .signature -O ihex Stepper_Direction_Control_with_switch.elf  "Stepper_Direction_Control_with_switch.hex"
Finished building: Stepper_Direction_Control_with_switch.hex
 
Invoking: Print Size
avr-size --format=avr --mcu=atmega32 Stepper_Direction_Control_with_switch.elf
AVR Memory Usage
----------------
Device: atmega32

Program:    2620 bytes (8.0% Full)
(.text + .data + .bootloader)

Data:          0 bytes (0.0% Full)
(.data + .bss + .noinit)


Finished building: sizedummy
 

13:33:58 Build Finished (took 68ms)

