10:24:21 **** Incremental Build of configuration Debug for project UART ****
make all 
Building file: ../main.c
Invoking: AVR Compiler
avr-gcc -Wall -g2 -gstabs -O0 -fpack-struct -fshort-enums -ffunction-sections -fdata-sections -std=gnu99 -funsigned-char -funsigned-bitfields -mmcu=atmega16 -DF_CPU=1000000UL -MMD -MP -MF"main.d" -MT"main.o" -c -o "main.o" "../main.c"
../main.c:15:6: warning: return type of ‘main’ is not ‘int’ [-Wmain]
 void main (void)
      ^
Finished building: ../main.c
 
Building target: UART.elf
Invoking: AVR C Linker
avr-gcc -Wl,-Map,UART.map -mmcu=atmega16 -o "UART.elf"  ./DIO_Prog.o ./UART_Prog.o ./delay_ms.o ./main.o   
Finished building target: UART.elf
 
Invoking: AVR Create Extended Listing
avr-objdump -h -S UART.elf  >"UART.lss"
Finished building: UART.lss
 
Create Flash image (ihex format)
avr-objcopy -R .eeprom -R .fuse -R .lock -R .signature -O ihex UART.elf  "UART.hex"
Finished building: UART.hex
 
Invoking: Print Size
avr-size --format=avr --mcu=atmega16 UART.elf
AVR Memory Usage
----------------
Device: atmega16

Program:    2250 bytes (13.7% Full)
(.text + .data + .bootloader)

Data:          0 bytes (0.0% Full)
(.data + .bss + .noinit)


Finished building: sizedummy
 

10:24:25 Build Finished (took 4s.293ms)

